Arguments: 
  /usr/bin/node /usr/bin/yarn

PATH: 
  /usr/local/sbin:/usr/local/bin:/usr/bin:/usr/lib/jvm/default/bin:/usr/bin/site_perl:/usr/bin/vendor_perl:/usr/bin/core_perl:/var/lib/snapd/snap/bin:/home/amadeus/.antigen/bundles/robbyrussell/oh-my-zsh/lib:/home/amadeus/.antigen/bundles/robbyrussell/oh-my-zsh/plugins/git:/home/amadeus/.antigen/bundles/robbyrussell/oh-my-zsh/plugins/node:/home/amadeus/.antigen/bundles/robbyrussell/oh-my-zsh/plugins/npm:/home/amadeus/.antigen/bundles/zsh-users/zsh-completions:/home/amadeus/.antigen/bundles/zsh-users/zsh-syntax-highlighting:/home/amadeus/.antigen/bundles/zsh-users/zsh-autosuggestions:/home/amadeus/.antigen/bundles/romkatv/powerlevel10k

Yarn version: 
  1.17.3

Node version: 
  12.12.0

Platform: 
  linux x64

Trace: 
  SyntaxError: /home/amadeus/harmony-app/package.json: Unexpected token } in JSON at position 1050
      at JSON.parse (<anonymous>)
      at /usr/lib/node_modules/yarn/lib/cli.js:1625:59
      at Generator.next (<anonymous>)
      at step (/usr/lib/node_modules/yarn/lib/cli.js:304:30)
      at /usr/lib/node_modules/yarn/lib/cli.js:315:13

npm manifest: 
  {
    "name": "harmony-app",
    "version": "0.1.0",
    "description": "A React App made with create-react-app-extended",
    "private": true,
    "scripts": {
      "start": "react-scripts start",
      "build": "react-scripts build",
      "test": "react-scripts test",
      "eject": "react-scripts eject"
    },
    "browserslist": {
      "production": [
        ">0.2%",
        "not dead",
        "not op_mini all"
      ],
      "development": [
        "last 1 chrome version",
        "last 1 firefox version",
        "last 1 safari version"
      ]
    },
    "keywords": [],
    "author": "",
    "license": "UNLICENSED",
    "dependencies": {
      "@material-ui/core": "^4.5.1",
      "@material-ui/icons": "^4.5.1",
      "@types/react": "^16.9.7",
      "@types/react-dom": "^16.9.2",
      "@types/react-redux": "^7.1.4",
      "@types/socket.io-client": "^1.4.32",
      "react": "^16.10.2",
      "react-dom": "^16.10.2",
      "react-redux": "^7.1.1",
      "react-scripts": "^3.2.0",
      "redux": "^4.0.4",
      "socket.io-client": "^2.3.0"
    },
    "devDependencies": {
      "typescript": "^3.6.4",
    }
  }

yarn manifest: 
  No manifest

Lockfile: 
  # THIS IS AN AUTOGENERATED FILE. DO NOT EDIT THIS FILE DIRECTLY.
  # yarn lockfile v1
  
  
  "@types/prop-types@*":
    version "15.7.3"
    resolved "https://registry.yarnpkg.com/@types/prop-types/-/prop-types-15.7.3.tgz#2ab0d5da2e5815f94b0b9d4b95d1e5f243ab2ca7"
    integrity sha512-KfRL3PuHmqQLOG+2tGpRO26Ctg+Cq1E01D2DMriKEATHgWLfeNDmq9e29Q9WIky0dQ3NPkd1mzYH8Lm936Z9qw==
  
  "@types/react-dom@^16.9.2":
    version "16.9.2"
    resolved "https://registry.yarnpkg.com/@types/react-dom/-/react-dom-16.9.2.tgz#90f9e6c161850be1feb31d2f448121be2a4f3b47"
    integrity sha512-hgPbBoI1aTSTvZwo8HYw35UaTldW6n2ETLvHAcfcg1FaOuBV3olmyCe5eMpx2WybWMBPv0MdU2t5GOcQhP+3zA==
    dependencies:
      "@types/react" "*"
  
  "@types/react@*", "@types/react@^16.9.7":
    version "16.9.7"
    resolved "https://registry.yarnpkg.com/@types/react/-/react-16.9.7.tgz#3b50cb38285a79fd325cf185e0d623e3e0dd2893"
    integrity sha512-cF/zwVSOa/NQ5ZSLwUmAdeARgJkmu94shnqDO0dUOsp5roeS8SXtYv06uKeQMYgMjnP6dXH5CecxL+GibvqEFg==
    dependencies:
      "@types/prop-types" "*"
      csstype "^2.2.0"
  
  csstype@^2.2.0:
    version "2.6.7"
    resolved "https://registry.yarnpkg.com/csstype/-/csstype-2.6.7.tgz#20b0024c20b6718f4eda3853a1f5a1cce7f5e4a5"
    integrity sha512-9Mcn9sFbGBAdmimWb2gLVDtFJzeKtDGIr76TUqmjZrw9LFXBMSU70lcs+C0/7fyCd6iBDqmksUcCOUIkisPHsQ==
  
  "js-tokens@^3.0.0 || ^4.0.0":
    version "4.0.0"
    resolved "https://registry.yarnpkg.com/js-tokens/-/js-tokens-4.0.0.tgz#19203fb59991df98e3a287050d4647cdeaf32499"
    integrity sha512-RdJUflcE3cUzKiMqQgsCu06FPu9UdIJO0beYbPhHN4k6apgJtifcoCtT9bcxOpYBtpD2kCM6Sbzg4CausW/PKQ==
  
  loose-envify@^1.1.0, loose-envify@^1.4.0:
    version "1.4.0"
    resolved "https://registry.yarnpkg.com/loose-envify/-/loose-envify-1.4.0.tgz#71ee51fa7be4caec1a63839f7e682d8132d30caf"
    integrity sha512-lyuxPGr/Wfhrlem2CL/UcnUc1zcqKAImBDzukY7Y5F/yQiNdko6+fRLevlw1HgMySw7f611UIY408EtxRSoK3Q==
    dependencies:
      js-tokens "^3.0.0 || ^4.0.0"
  
  object-assign@^4.1.1:
    version "4.1.1"
    resolved "https://registry.yarnpkg.com/object-assign/-/object-assign-4.1.1.tgz#2109adc7965887cfc05cbbd442cac8bfbb360863"
    integrity sha1-IQmtx5ZYh8/AXLvUQsrIv7s2CGM=
  
  prop-types@^15.6.2:
    version "15.7.2"
    resolved "https://registry.yarnpkg.com/prop-types/-/prop-types-15.7.2.tgz#52c41e75b8c87e72b9d9360e0206b99dcbffa6c5"
    integrity sha512-8QQikdH7//R2vurIJSutZ1smHYTcLpRWEOlHnzcWHmBYrOGUysKwSsrC89BCiFj3CbrfJ/nXFdJepOVrY1GCHQ==
    dependencies:
      loose-envify "^1.4.0"
      object-assign "^4.1.1"
      react-is "^16.8.1"
  
  react-dom@^16.10.2:
    version "16.10.2"
    resolved "https://registry.yarnpkg.com/react-dom/-/react-dom-16.10.2.tgz#4840bce5409176bc3a1f2bd8cb10b92db452fda6"
    integrity sha512-kWGDcH3ItJK4+6Pl9DZB16BXYAZyrYQItU4OMy0jAkv5aNqc+mAKb4TpFtAteI6TJZu+9ZlNhaeNQSVQDHJzkw==
    dependencies:
      loose-envify "^1.1.0"
      object-assign "^4.1.1"
      prop-types "^15.6.2"
      scheduler "^0.16.2"
  
  react-is@^16.8.1:
    version "16.10.2"
    resolved "https://registry.yarnpkg.com/react-is/-/react-is-16.10.2.tgz#984120fd4d16800e9a738208ab1fba422d23b5ab"
    integrity sha512-INBT1QEgtcCCgvccr5/86CfD71fw9EPmDxgiJX4I2Ddr6ZsV6iFXsuby+qWJPtmNuMY0zByTsG4468P7nHuNWA==
  
  react@^16.10.2:
    version "16.10.2"
    resolved "https://registry.yarnpkg.com/react/-/react-16.10.2.tgz#a5ede5cdd5c536f745173c8da47bda64797a4cf0"
    integrity sha512-MFVIq0DpIhrHFyqLU0S3+4dIcBhhOvBE8bJ/5kHPVOVaGdo0KuiQzpcjCPsf585WvhypqtrMILyoE2th6dT+Lw==
    dependencies:
      loose-envify "^1.1.0"
      object-assign "^4.1.1"
      prop-types "^15.6.2"
  
  scheduler@^0.16.2:
    version "0.16.2"
    resolved "https://registry.yarnpkg.com/scheduler/-/scheduler-0.16.2.tgz#f74cd9d33eff6fc554edfb79864868e4819132c1"
    integrity sha512-BqYVWqwz6s1wZMhjFvLfVR5WXP7ZY32M/wYPo04CcuPM7XZEbV2TBNW7Z0UkguPTl0dWMA59VbNXxK6q+pHItg==
    dependencies:
      loose-envify "^1.1.0"
      object-assign "^4.1.1"
